
2024-10-22 14:38:30,892 - httpx - INFO - HTTP Request: POST https://api.telegram.org/bot7935737183:AAF4vQAc2AtiG7x7SR7tSUXl1UX4xyiDmQI/getMe "HTTP/1.1 200 OK"
2024-10-22 14:38:30,961 - httpx - INFO - HTTP Request: POST https://api.telegram.org/bot7935737183:AAF4vQAc2AtiG7x7SR7tSUXl1UX4xyiDmQI/deleteWebhook "HTTP/1.1 200 OK"
2024-10-22 14:38:30,961 - telegram.ext.Application - INFO - Application started
2024-10-22 14:38:41,169 - httpx - INFO - HTTP Request: POST https://api.telegram.org/bot7935737183:AAF4vQAc2AtiG7x7SR7tSUXl1UX4xyiDmQI/getUpdates "HTTP/1.1 200 OK"
2024-10-22 14:38:51,231 - httpx - INFO - HTTP Request: POST https://api.telegram.org/bot7935737183:AAF4vQAc2AtiG7x7SR7tSUXl1UX4xyiDmQI/getUpdates "HTTP/1.1 200 OK"
2024-10-22 14:39:01,296 - httpx - INFO - HTTP Request: POST https://api.telegram.org/bot7935737183:AAF4vQAc2AtiG7x7SR7tSUXl1UX4xyiDmQI/getUpdates "HTTP/1.1 200 OK"
2024-10-22 14:39:11,380 - httpx - INFO - HTTP Request: POST https://api.telegram.org/bot7935737183:AAF4vQAc2AtiG7x7SR7tSUXl1UX4xyiDmQI/getUpdates "HTTP/1.1 200 OK"
2024-10-22 14:39:21,457 - httpx - INFO - HTTP Request: POST https://api.telegram.org/bot7935737183:AAF4vQAc2AtiG7x7SR7tSUXl1UX4xyiDmQI/getUpdates "HTTP/1.1 200 OK"
2024-10-22 14:39:31,528 - httpx - INFO - HTTP Request: POST https://api.telegram.org/bot7935737183:AAF4vQAc2AtiG7x7SR7tSUXl1UX4xyiDmQI/getUpdates "HTTP/1.1 200 OK"
2024-10-22 14:39:41,607 - httpx - INFO - HTTP Request: POST https://api.telegram.org/bot7935737183:AAF4vQAc2AtiG7x7SR7tSUXl1UX4xyiDmQI/getUpdates "HTTP/1.1 200 OK"
2024-10-22 14:39:51,703 - httpx - INFO - HTTP Request: POST https://api.telegram.org/bot7935737183:AAF4vQAc2AtiG7x7SR7tSUXl1UX4xyiDmQI/getUpdates "HTTP/1.1 200 OK"
2024-10-22 14:40:01,763 - httpx - INFO - HTTP Request: POST https://api.telegram.org/bot7935737183:AAF4vQAc2AtiG7x7SR7tSUXl1UX4xyiDmQI/getUpdates "HTTP/1.1 200 OK"
2024-10-22 14:40:11,900 - httpx - INFO - HTTP Request: POST https://api.telegram.org/bot7935737183:AAF4vQAc2AtiG7x7SR7tSUXl1UX4xyiDmQI/getUpdates "HTTP/1.1 200 OK"
2024-10-22 14:40:21,983 - httpx - INFO - HTTP Request: POST https://api.telegram.org/bot7935737183:AAF4vQAc2AtiG7x7SR7tSUXl1UX4xyiDmQI/getUpdates "HTTP/1.1 200 OK"
2024-10-22 14:40:28,312 - httpx - INFO - HTTP Request: POST https://api.telegram.org/bot7935737183:AAF4vQAc2AtiG7x7SR7tSUXl1UX4xyiDmQI/getUpdates "HTTP/1.1 200 OK"
2024-10-22 14:40:28,539 - httpx - INFO - HTTP Request: POST https://api.telegram.org/bot7935737183:AAF4vQAc2AtiG7x7SR7tSUXl1UX4xyiDmQI/sendMessage "HTTP/1.1 200 OK"
2024-10-22 14:40:38,387 - httpx - INFO - HTTP Request: POST https://api.telegram.org/bot7935737183:AAF4vQAc2AtiG7x7SR7tSUXl1UX4xyiDmQI/getUpdates "HTTP/1.1 200 OK"
2024-10-22 14:40:48,456 - httpx - INFO - HTTP Request: POST https://api.telegram.org/bot7935737183:AAF4vQAc2AtiG7x7SR7tSUXl1UX4xyiDmQI/getUpdates "HTTP/1.1 200 OK"
2024-10-22 14:40:58,522 - httpx - INFO - HTTP Request: POST https://api.telegram.org/bot7935737183:AAF4vQAc2AtiG7x7SR7tSUXl1UX4xyiDmQI/getUpdates "HTTP/1.1 200 OK"
2024-10-22 14:41:08,586 - httpx - INFO - HTTP Request: POST https://api.telegram.org/bot7935737183:AAF4vQAc2AtiG7x7SR7tSUXl1UX4xyiDmQI/getUpdates "HTTP/1.1 200 OK"
2024-10-22 14:41:18,662 - httpx - INFO - HTTP Request: POST https://api.telegram.org/bot7935737183:AAF4vQAc2AtiG7x7SR7tSUXl1UX4xyiDmQI/getUpdates "HTTP/1.1 200 OK"
2024-10-22 14:41:28,735 - httpx - INFO - HTTP Request: POST https://api.telegram.org/bot7935737183:AAF4vQAc2AtiG7x7SR7tSUXl1UX4xyiDmQI/getUpdates "HTTP/1.1 200 OK"
2024-10-22 14:41:38,804 - httpx - INFO - HTTP Request: POST https://api.telegram.org/bot7935737183:AAF4vQAc2AtiG7x7SR7tSUXl1UX4xyiDmQI/getUpdates "HTTP/1.1 200 OK"
2024-10-22 14:41:48,871 - httpx - INFO - HTTP Request: POST https://api.telegram.org/bot7935737183:AAF4vQAc2AtiG7x7SR7tSUXl1UX4xyiDmQI/getUpdates "HTTP/1.1 200 OK"
2024-10-22 14:41:58,959 - httpx - INFO - HTTP Request: POST https://api.telegram.org/bot7935737183:AAF4vQAc2AtiG7x7SR7tSUXl1UX4xyiDmQI/getUpdates "HTTP/1.1 200 OK"
2024-10-22 14:42:09,038 - httpx - INFO - HTTP Request: POST https://api.telegram.org/bot7935737183:AAF4vQAc2AtiG7x7SR7tSUXl1UX4xyiDmQI/getUpdates "HTTP/1.1 200 OK"
2024-10-22 14:42:19,114 - httpx - INFO - HTTP Request: POST https://api.telegram.org/bot7935737183:AAF4vQAc2AtiG7x7SR7tSUXl1UX4xyiDmQI/getUpdates "HTTP/1.1 200 OK"
